::1 - - [18/Jan/2015:23:31:30 -0500] "GET /examples/extjstest4_0_2_chart.html? HTTP/1.1" 200 864
::1 - - [18/Jan/2015:23:31:30 -0500] "GET /examples/app4_0_2_chart.js HTTP/1.1" 200 16703
::1 - - [18/Jan/2015:23:31:30 -0500] "GET /ol3/css/ol.css HTTP/1.1" 200 3949
::1 - - [18/Jan/2015:23:31:30 -0500] "GET /ol3cesium.js HTTP/1.1" 200 35293
::1 - - [18/Jan/2015:23:31:30 -0500] "GET /ol3/ol.js HTTP/1.1" 200 419170
::1 - - [18/Jan/2015:23:31:30 -0500] "GET /Cesium/Cesium.js HTTP/1.1" 200 1507362
::1 - - [18/Jan/2015:23:31:30 -0500] "GET /ol3/ol-debug.js HTTP/1.1" 200 3259728
::1 - - [18/Jan/2015:23:31:39 -0500] "GET /favicon.ico HTTP/1.1" 404 209
::1 - - [18/Jan/2015:23:31:39 -0500] "GET /Cesium/Assets/IAU2006_XYS/IAU2006_XYS_14.json HTTP/1.1" 200 65547
::1 - - [18/Jan/2015:23:31:39 -0500] "GET /examples/data/geojson/earthquake2000.json HTTP/1.1" 200 1781686
::1 - - [18/Jan/2015:23:31:40 -0500] "GET /examples/data/geojson/testjson.json?_dc=1421641900256&page=1&start=0&limit=25 HTTP/1.1" 200 345
::1 - - [18/Jan/2015:23:31:43 -0500] "GET /Cesium/Workers/cesiumWorkerBootstrapper.js HTTP/1.1" 200 17891
::1 - - [18/Jan/2015:23:31:43 -0500] "GET /Cesium/Workers/transferTypedArrayTest.js HTTP/1.1" 200 1026
::1 - - [18/Jan/2015:23:31:43 -0500] "GET /Cesium/Workers/createVerticesFromQuantizedTerrainMesh.js HTTP/1.1" 200 24781
::1 - - [18/Jan/2015:23:31:44 -0500] "GET /Cesium/Workers/upsampleQuantizedTerrainMesh.js HTTP/1.1" 200 79860
::1 - - [18/Jan/2015:23:32:40 -0500] "GET /examples/extjstest4_0_2_chart.html? HTTP/1.1" 304 -
::1 - - [18/Jan/2015:23:32:40 -0500] "GET /ol3/ol-debug.js HTTP/1.1" 304 -
::1 - - [18/Jan/2015:23:32:40 -0500] "GET /ol3/css/ol.css HTTP/1.1" 304 -
::1 - - [18/Jan/2015:23:32:40 -0500] "GET /examples/app4_0_2_chart.js HTTP/1.1" 200 16701
::1 - - [18/Jan/2015:23:32:40 -0500] "GET /Cesium/Cesium.js HTTP/1.1" 304 -
::1 - - [18/Jan/2015:23:32:40 -0500] "GET /ol3cesium.js HTTP/1.1" 304 -
::1 - - [18/Jan/2015:23:32:40 -0500] "GET /ol3/ol.js HTTP/1.1" 304 -
::1 - - [18/Jan/2015:23:32:42 -0500] "GET /examples/data/geojson/testjson.json?_dc=1421641962103&page=1&start=0&limit=25 HTTP/1.1" 200 345
::1 - - [18/Jan/2015:23:35:24 -0500] "GET /examples/extjstest4_0_2_chart.html? HTTP/1.1" 304 -
::1 - - [18/Jan/2015:23:35:24 -0500] "GET /ol3/css/ol.css HTTP/1.1" 304 -
::1 - - [18/Jan/2015:23:35:24 -0500] "GET /ol3/ol-debug.js HTTP/1.1" 304 -
::1 - - [18/Jan/2015:23:35:24 -0500] "GET /ol3cesium.js HTTP/1.1" 304 -
::1 - - [18/Jan/2015:23:35:24 -0500] "GET /examples/app4_0_2_chart.js HTTP/1.1" 304 -
::1 - - [18/Jan/2015:23:35:24 -0500] "GET /ol3/ol.js HTTP/1.1" 304 -
::1 - - [18/Jan/2015:23:35:24 -0500] "GET /Cesium/Cesium.js HTTP/1.1" 304 -
::1 - - [18/Jan/2015:23:35:26 -0500] "GET /examples/data/geojson/testjson.json?_dc=1421642126846&page=1&start=0&limit=25 HTTP/1.1" 200 345
::1 - - [18/Jan/2015:23:36:28 -0500] "GET /examples/extjstest4_0_2_chart.html? HTTP/1.1" 304 -
::1 - - [18/Jan/2015:23:36:28 -0500] "GET /Cesium/Cesium.js HTTP/1.1" 304 -
::1 - - [18/Jan/2015:23:36:28 -0500] "GET /ol3cesium.js HTTP/1.1" 304 -
::1 - - [18/Jan/2015:23:36:28 -0500] "GET /ol3/css/ol.css HTTP/1.1" 304 -
::1 - - [18/Jan/2015:23:36:28 -0500] "GET /ol3/ol.js HTTP/1.1" 304 -
::1 - - [18/Jan/2015:23:36:28 -0500] "GET /examples/app4_0_2_chart.js HTTP/1.1" 200 16733
::1 - - [18/Jan/2015:23:36:28 -0500] "GET /ol3/ol-debug.js HTTP/1.1" 304 -
::1 - - [18/Jan/2015:23:36:30 -0500] "GET /examples/data/geojson/testjson.json?_dc=1421642190279&page=1&start=0&limit=25 HTTP/1.1" 200 345
::1 - - [18/Jan/2015:23:37:26 -0500] "GET /ol3cesium.js.map HTTP/1.1" 200 96862
::1 - - [18/Jan/2015:23:37:31 -0500] "GET /examples/extjstest4_0_2_chart.html? HTTP/1.1" 304 -
::1 - - [18/Jan/2015:23:37:31 -0500] "GET /ol3/css/ol.css HTTP/1.1" 304 -
::1 - - [18/Jan/2015:23:37:31 -0500] "GET /ol3/ol-debug.js HTTP/1.1" 304 -
::1 - - [18/Jan/2015:23:37:31 -0500] "GET /ol3cesium.js HTTP/1.1" 304 -
::1 - - [18/Jan/2015:23:37:31 -0500] "GET /examples/app4_0_2_chart.js HTTP/1.1" 304 -
::1 - - [18/Jan/2015:23:37:31 -0500] "GET /Cesium/Cesium.js HTTP/1.1" 304 -
::1 - - [18/Jan/2015:23:37:31 -0500] "GET /ol3/ol.js HTTP/1.1" 304 -
::1 - - [18/Jan/2015:23:37:33 -0500] "GET /ol3cesium.js.map HTTP/1.1" 304 -
::1 - - [18/Jan/2015:23:37:34 -0500] "GET /examples/data/geojson/testjson.json?_dc=1421642254376&page=1&start=0&limit=25 HTTP/1.1" 200 345
::1 - - [18/Jan/2015:23:38:32 -0500] "GET /examples/extjstest4_0_2_chart.html? HTTP/1.1" 304 -
::1 - - [18/Jan/2015:23:38:32 -0500] "GET /ol3/css/ol.css HTTP/1.1" 304 -
::1 - - [18/Jan/2015:23:38:32 -0500] "GET /Cesium/Cesium.js HTTP/1.1" 304 -
::1 - - [18/Jan/2015:23:38:32 -0500] "GET /ol3/ol.js HTTP/1.1" 304 -
::1 - - [18/Jan/2015:23:38:32 -0500] "GET /ol3/ol-debug.js HTTP/1.1" 304 -
::1 - - [18/Jan/2015:23:38:32 -0500] "GET /ol3cesium.js HTTP/1.1" 304 -
::1 - - [18/Jan/2015:23:38:32 -0500] "GET /examples/app4_0_2_chart.js HTTP/1.1" 200 16737
::1 - - [18/Jan/2015:23:38:34 -0500] "GET /ol3cesium.js.map HTTP/1.1" 304 -
::1 - - [18/Jan/2015:23:38:35 -0500] "GET /examples/data/geojson/testjson.json?_dc=1421642315045&page=1&start=0&limit=25 HTTP/1.1" 200 345
::1 - - [18/Jan/2015:23:42:58 -0500] "GET /examples/extjstest4_0_2_chart.html? HTTP/1.1" 304 -
::1 - - [18/Jan/2015:23:42:58 -0500] "GET /ol3/ol.js HTTP/1.1" 304 -
::1 - - [18/Jan/2015:23:42:58 -0500] "GET /Cesium/Cesium.js HTTP/1.1" 304 -
::1 - - [18/Jan/2015:23:42:58 -0500] "GET /examples/app4_0_2_chart.js HTTP/1.1" 200 16787
::1 - - [18/Jan/2015:23:42:58 -0500] "GET /ol3cesium.js HTTP/1.1" 304 -
::1 - - [18/Jan/2015:23:42:58 -0500] "GET /ol3/css/ol.css HTTP/1.1" 304 -
::1 - - [18/Jan/2015:23:42:58 -0500] "GET /ol3/ol-debug.js HTTP/1.1" 304 -
::1 - - [18/Jan/2015:23:43:00 -0500] "GET /examples/data/geojson/testjson.json?_dc=1421642580521&page=1&start=0&limit=25 HTTP/1.1" 200 345
::1 - - [18/Jan/2015:23:44:10 -0500] "GET /examples/extjstest4_0_2_chart.html? HTTP/1.1" 304 -
::1 - - [18/Jan/2015:23:44:10 -0500] "GET /ol3/css/ol.css HTTP/1.1" 304 -
::1 - - [18/Jan/2015:23:44:10 -0500] "GET /Cesium/Cesium.js HTTP/1.1" 304 -
::1 - - [18/Jan/2015:23:44:10 -0500] "GET /examples/app4_0_2_chart.js HTTP/1.1" 304 -
::1 - - [18/Jan/2015:23:44:10 -0500] "GET /ol3cesium.js HTTP/1.1" 304 -
::1 - - [18/Jan/2015:23:44:10 -0500] "GET /ol3/ol.js HTTP/1.1" 304 -
::1 - - [18/Jan/2015:23:44:10 -0500] "GET /ol3/ol-debug.js HTTP/1.1" 304 -
::1 - - [18/Jan/2015:23:44:12 -0500] "GET /examples/data/geojson/testjson.json?_dc=1421642652247&page=1&start=0&limit=25 HTTP/1.1" 200 345
